# ===============================================
# Unit test 3-say_my_name
# ===============================================


import module:
       >>> say_my_name = __import__("3-say_my_name").say_my_name

Only one argument:
       >>> say_my_name("Bond")
       My name is Bond 

Random name:
       >>> say_my_name("James", "Bond")
       My name is James Bond

No arguments:
       >>> say_my_name()
       Traceback (most recent call last):
       TypeError: say_my_name() missing 1 required positional argument: 'first_name'

Pass different argument (not string):
       >>> say_my_name("Clone", 7)
       Traceback (most recent call last):
       TypeError: last_name must be a string

No strings:
       >>> say_my_name(77, 7)
       Traceback (most recent call last):
       TypeError: first_name must be a string
